<?xml version="1.0" encoding="UTF-8"?>
<testsuite xmlns:xsi="http://www.w3.org/2001/XMLSchema-instance" xsi:noNamespaceSchemaLocation="https://maven.apache.org/surefire/maven-surefire-plugin/xsd/surefire-test-report-3.0.xsd" version="3.0" name="edu.escuelaing.AREP.Taller1.HttpServerTest" time="0.654" tests="3" errors="0" skipped="0" failures="0">
  <properties>
[...]
</properties>
  <testcase name="shouldReturnError" classname="edu.escuelaing.AREP.Taller1.HttpServerTest" time="0.019"/>
  <testcase name="shouldReturnBasicHtml" classname="edu.escuelaing.AREP.Taller1.HttpServerTest" time="0.001"/>
  <testcase name="shouldReturnBasicInfo" classname="edu.escuelaing.AREP.Taller1.HttpServerTest" time="0.618">
    <system-out><![CDATA[GET Response Code :: 200
{"Title":"The Matrix","Year":"1999","Rated":"R","Released":"31 Mar 1999","Runtime":"136 min","Genre":"Action, Sci-Fi","Director":"Lana Wachowski, Lilly Wachowski","Writer":"Lilly Wachowski, Lana Wachowski","Actors":"Keanu Reeves, Laurence Fishburne, Carrie-Anne Moss","Plot":"When a beautiful stranger leads computer hacker Neo to a forbidding underworld, he discovers the shocking truth--the life he knows is the elaborate deception of an evil cyber-intelligence.","Language":"English","Country":"United States, Australia","Awards":"Won 4 Oscars. 42 wins & 52 nominations total","Poster":"https://m.media-amazon.com/images/M/MV5BNzQzOTk3OTAtNDQ0Zi00ZTVkLWI0MTEtMDllZjNkYzNjNTc4L2ltYWdlXkEyXkFqcGdeQXVyNjU0OTQ0OTY@._V1_SX300.jpg","Ratings":[{"Source":"Internet Movie Database","Value":"8.7/10"},{"Source":"Rotten Tomatoes","Value":"83%"},{"Source":"Metacritic","Value":"73/100"}],"Metascore":"73","imdbRating":"8.7","imdbVotes":"2,026,128","imdbID":"tt0133093","Type":"movie","DVD":"01 Jan 2009","BoxOffice":"$172,076,928","Production":"N/A","Website":"N/A","Response":"True"}
GET DONE
]]></system-out>
  </testcase>
</testsuite>